<?xml version="1.0" encoding="UTF-8"?>
<!-- Generated by org.testng.reporters.JUnitXMLReporter -->
<testsuite ignored="0" hostname="L10-5CG91816Z4" failures="0" tests="4" name="Default test" time="0.099" errors="0" timestamp="2022-11-29T11:23:35 EST">
  <testcase classname="testngAnnotation.Annotatations" name="test4" time="0.011"/>
  <testcase classname="testngAnnotation.Annotatations" name="test3" time="0.002"/>
  <testcase classname="testngAnnotation.Annotatations" name="test2" time="0.002"/>
  <testcase classname="testngAnnotation.Annotatations" name="test1" time="0.004"/>
</testsuite> <!-- Default test -->
