<?xml version="1.0" encoding="UTF-8"?>
<testng-results ignored="0" total="4" passed="4" failed="0" skipped="0">
  <reporter-output>
  </reporter-output>
  <suite started-at="2022-11-29T11:23:35 EST" name="Default suite" finished-at="2022-11-29T11:23:35 EST" duration-ms="99">
    <groups>
    </groups>
    <test started-at="2022-11-29T11:23:35 EST" name="Default test" finished-at="2022-11-29T11:23:35 EST" duration-ms="99">
      <class name="testngAnnotation.Annotatations">
        <test-method is-config="true" signature="setup()[pri:0, instance:testngAnnotation.Annotatations@b62d79]" started-at="2022-11-29T11:23:35 EST" name="setup" finished-at="2022-11-29T11:23:35 EST" duration-ms="12" status="PASS">
          <reporter-output>
          </reporter-output>
        </test-method> <!-- setup -->
        <test-method is-config="true" signature="beforeMethod()[pri:0, instance:testngAnnotation.Annotatations@b62d79]" started-at="2022-11-29T11:23:35 EST" name="beforeMethod" finished-at="2022-11-29T11:23:35 EST" duration-ms="0" status="PASS">
          <reporter-output>
          </reporter-output>
        </test-method> <!-- beforeMethod -->
        <test-method signature="test4()[pri:1, instance:testngAnnotation.Annotatations@b62d79]" started-at="2022-11-29T11:23:35 EST" name="test4" description="This is for testing the priority order" finished-at="2022-11-29T11:23:35 EST" duration-ms="11" status="PASS">
          <reporter-output>
          </reporter-output>
        </test-method> <!-- test4 -->
        <test-method is-config="true" signature="afterMethod()[pri:0, instance:testngAnnotation.Annotatations@b62d79]" started-at="2022-11-29T11:23:35 EST" name="afterMethod" finished-at="2022-11-29T11:23:35 EST" duration-ms="1" status="PASS">
          <reporter-output>
          </reporter-output>
        </test-method> <!-- afterMethod -->
        <test-method is-config="true" signature="beforeMethod()[pri:0, instance:testngAnnotation.Annotatations@b62d79]" started-at="2022-11-29T11:23:35 EST" name="beforeMethod" finished-at="2022-11-29T11:23:35 EST" duration-ms="1" status="PASS">
          <reporter-output>
          </reporter-output>
        </test-method> <!-- beforeMethod -->
        <test-method signature="test3()[pri:2, instance:testngAnnotation.Annotatations@b62d79]" started-at="2022-11-29T11:23:35 EST" name="test3" finished-at="2022-11-29T11:23:35 EST" duration-ms="2" status="PASS">
          <reporter-output>
          </reporter-output>
        </test-method> <!-- test3 -->
        <test-method is-config="true" signature="afterMethod()[pri:0, instance:testngAnnotation.Annotatations@b62d79]" started-at="2022-11-29T11:23:35 EST" name="afterMethod" finished-at="2022-11-29T11:23:35 EST" duration-ms="1" status="PASS">
          <reporter-output>
          </reporter-output>
        </test-method> <!-- afterMethod -->
        <test-method is-config="true" signature="beforeMethod()[pri:0, instance:testngAnnotation.Annotatations@b62d79]" started-at="2022-11-29T11:23:35 EST" name="beforeMethod" finished-at="2022-11-29T11:23:35 EST" duration-ms="1" status="PASS">
          <reporter-output>
          </reporter-output>
        </test-method> <!-- beforeMethod -->
        <test-method signature="test2()[pri:3, instance:testngAnnotation.Annotatations@b62d79]" started-at="2022-11-29T11:23:35 EST" name="test2" finished-at="2022-11-29T11:23:35 EST" duration-ms="2" status="PASS">
          <reporter-output>
          </reporter-output>
        </test-method> <!-- test2 -->
        <test-method is-config="true" signature="afterMethod()[pri:0, instance:testngAnnotation.Annotatations@b62d79]" started-at="2022-11-29T11:23:35 EST" name="afterMethod" finished-at="2022-11-29T11:23:35 EST" duration-ms="0" status="PASS">
          <reporter-output>
          </reporter-output>
        </test-method> <!-- afterMethod -->
        <test-method is-config="true" signature="beforeMethod()[pri:0, instance:testngAnnotation.Annotatations@b62d79]" started-at="2022-11-29T11:23:35 EST" name="beforeMethod" finished-at="2022-11-29T11:23:35 EST" duration-ms="1" status="PASS">
          <reporter-output>
          </reporter-output>
        </test-method> <!-- beforeMethod -->
        <test-method signature="test1()[pri:4, instance:testngAnnotation.Annotatations@b62d79]" started-at="2022-11-29T11:23:35 EST" name="test1" finished-at="2022-11-29T11:23:35 EST" duration-ms="4" status="PASS">
          <reporter-output>
          </reporter-output>
        </test-method> <!-- test1 -->
        <test-method is-config="true" signature="afterMethod()[pri:0, instance:testngAnnotation.Annotatations@b62d79]" started-at="2022-11-29T11:23:35 EST" name="afterMethod" finished-at="2022-11-29T11:23:35 EST" duration-ms="1" status="PASS">
          <reporter-output>
          </reporter-output>
        </test-method> <!-- afterMethod -->
        <test-method is-config="true" signature="teardown()[pri:0, instance:testngAnnotation.Annotatations@b62d79]" started-at="2022-11-29T11:23:35 EST" name="teardown" finished-at="2022-11-29T11:23:35 EST" duration-ms="1" status="PASS">
          <reporter-output>
          </reporter-output>
        </test-method> <!-- teardown -->
      </class> <!-- testngAnnotation.Annotatations -->
    </test> <!-- Default test -->
  </suite> <!-- Default suite -->
</testng-results>
